This is pdfTeX, Version 3.141592653-2.6-1.40.23 (MiKTeX 21.8) (preloaded format=pdflatex 2021.9.15)  16 SEP 2021 14:38
entering extended mode
**./vrtist.tex
(vrtist.tex
LaTeX2e <2021-06-01> patch level 1
L3 programming layer <2021-08-27> (sphinxmanual.cls
Document Class: sphinxmanual 2019/12/01 v2.3.0 Document class (Sphinx manual)
(C:\Users\amirabil\AppData\Local\Programs\MiKTeX\tex/latex/base\report.cls
Document Class: report 2021/02/12 v1.4n Standard LaTeX document class
(C:\Users\amirabil\AppData\Local\Programs\MiKTeX\tex/latex/base\size10.clo
File: size10.clo 2021/02/12 v1.4n Standard LaTeX file (size option)
)
\c@part=\count182
\c@chapter=\count183
\c@section=\count184
\c@subsection=\count185
\c@subsubsection=\count186
\c@paragraph=\count187
\c@subparagraph=\count188
\c@figure=\count189
\c@table=\count190
\abovecaptionskip=\skip47
\belowcaptionskip=\skip48
\bibindent=\dimen138
)
LaTeX Info: Redefining \and on input line 35.
)
(C:\Users\amirabil\AppData\Local\Programs\MiKTeX\tex/latex/base\inputenc.sty
Package: inputenc 2021/02/14 v1.3d Input encoding file
\inpenc@prehook=\toks16
\inpenc@posthook=\toks17
)
   defining Unicode char U+00A0 (decimal 160)
   defining Unicode char U+2500 (decimal 9472)
   defining Unicode char U+2502 (decimal 9474)
   defining Unicode char U+2514 (decimal 9492)
   defining Unicode char U+251C (decimal 9500)
   defining Unicode char U+2572 (decimal 9586)

(C:\Users\amirabil\AppData\Local\Programs\MiKTeX\tex/latex/cmap\cmap.sty
Package: cmap 2021/02/06 v1.0j CMap support: searchable PDF
)
(C:\Users\amirabil\AppData\Local\Programs\MiKTeX\tex/latex/base\fontenc.sty
Package: fontenc 2021/04/29 v2.0v Standard LaTeX package
<<t1.cmap>>)
(C:\Users\amirabil\AppData\Local\Programs\MiKTeX\tex/latex/amsmath\amsmath.sty
Package: amsmath 2021/04/20 v2.17j AMS math features
\@mathmargin=\skip49

For additional information on amsmath, use the `?' option.
(C:\Users\amirabil\AppData\Local\Programs\MiKTeX\tex/latex/amsmath\amstext.sty
Package: amstext 2000/06/29 v2.01 AMS text

(C:\Users\amirabil\AppData\Local\Programs\MiKTeX\tex/latex/amsmath\amsgen.sty
File: amsgen.sty 1999/11/30 v2.0 generic functions
\@emptytoks=\toks18
\ex@=\dimen139
)) (C:\Users\amirabil\AppData\Local\Programs\MiKTeX\tex/latex/amsmath\amsbsy.st
y
Package: amsbsy 1999/11/29 v1.2d Bold Symbols
\pmbraise@=\dimen140
) (C:\Users\amirabil\AppData\Local\Programs\MiKTeX\tex/latex/amsmath\amsopn.sty
Package: amsopn 2016/03/08 v2.02 operator names
)
\inf@bad=\count191
LaTeX Info: Redefining \frac on input line 234.
\uproot@=\count192
\leftroot@=\count193
LaTeX Info: Redefining \overline on input line 399.
\classnum@=\count194
\DOTSCASE@=\count195
LaTeX Info: Redefining \ldots on input line 496.
LaTeX Info: Redefining \dots on input line 499.
LaTeX Info: Redefining \cdots on input line 620.
\Mathstrutbox@=\box50
\strutbox@=\box51
\big@size=\dimen141
LaTeX Font Info:    Redeclaring font encoding OML on input line 743.
LaTeX Font Info:    Redeclaring font encoding OMS on input line 744.
\macc@depth=\count196
\c@MaxMatrixCols=\count197
\dotsspace@=\muskip16
\c@parentequation=\count198
\dspbrk@lvl=\count199
\tag@help=\toks19
\row@=\count266
\column@=\count267
\maxfields@=\count268
\andhelp@=\toks20
\eqnshift@=\dimen142
\alignsep@=\dimen143
\tagshift@=\dimen144
\tagwidth@=\dimen145
\totwidth@=\dimen146
\lineht@=\dimen147
\@envbody=\toks21
\multlinegap=\skip50
\multlinetaggap=\skip51
\mathdisplay@stack=\toks22
LaTeX Info: Redefining \[ on input line 2923.
LaTeX Info: Redefining \] on input line 2924.
)
(C:\Users\amirabil\AppData\Local\Programs\MiKTeX\tex/latex/amsfonts\amssymb.sty
Package: amssymb 2013/01/14 v3.01 AMS font symbols

(C:\Users\amirabil\AppData\Local\Programs\MiKTeX\tex/latex/amsfonts\amsfonts.st
y
Package: amsfonts 2013/01/14 v3.01 Basic AMSFonts support
\symAMSa=\mathgroup4
\symAMSb=\mathgroup5
LaTeX Font Info:    Redeclaring math symbol \hbar on input line 98.
LaTeX Font Info:    Overwriting math alphabet `\mathfrak' in version `bold'
(Font)                  U/euf/m/n --> U/euf/b/n on input line 106.
))
(C:\Users\amirabil\AppData\Local\Programs\MiKTeX\tex/generic/babel\babel.sty
Package: babel 2021/07/22 3.63 The Babel package

(C:\Users\amirabil\AppData\Local\Programs\MiKTeX\tex/generic/babel\babel.def
File: babel.def 2021/07/22 3.63 Babel common definitions
\babel@savecnt=\count269
\U@D=\dimen148
\l@unhyphenated=\language79

(C:\Users\amirabil\AppData\Local\Programs\MiKTeX\tex/generic/babel\txtbabel.def
)
\bbl@readstream=\read2
)
\bbl@dirlevel=\count270

*************************************
* Local config file bblopts.cfg used
*
(C:\Users\amirabil\AppData\Local\Programs\MiKTeX\tex/latex/arabi\bblopts.cfg
File: bblopts.cfg 2005/09/08 v0.1 add Arabic and Farsi to "declared" options of
 babel
)
(C:\Users\amirabil\AppData\Local\Programs\MiKTeX\tex/latex/babel-english\englis
h.ldf
Language: english 2017/06/06 v3.3r English support from the babel system
Package babel Info: Hyphen rules for 'canadian' set to \l@english
(babel)             (\language0). Reported on input line 102.
Package babel Info: Hyphen rules for 'australian' set to \l@ukenglish
(babel)             (\language73). Reported on input line 105.
Package babel Info: Hyphen rules for 'newzealand' set to \l@ukenglish
(babel)             (\language73). Reported on input line 108.
))
(C:\Users\amirabil\AppData\Local\Programs\MiKTeX\tex/latex/tex-gyre\tgtermes.st
y
Package: tgtermes 2009/09/27 v1.2 TeX Gyre Termes as default roman family

(C:\Users\amirabil\AppData\Local\Programs\MiKTeX\tex/latex/kvoptions\kvoptions.
sty
Package: kvoptions 2020-10-07 v3.14 Key value format for package options (HO)

(C:\Users\amirabil\AppData\Local\Programs\MiKTeX\tex/latex/graphics\keyval.sty
Package: keyval 2014/10/28 v1.15 key=value parser (DPC)
\KV@toks@=\toks23
)
(C:\Users\amirabil\AppData\Local\Programs\MiKTeX\tex/generic/ltxcmds\ltxcmds.st
y
Package: ltxcmds 2020-05-10 v1.25 LaTeX kernel commands for general use (HO)
)
(C:\Users\amirabil\AppData\Local\Programs\MiKTeX\tex/generic/kvsetkeys\kvsetkey
s.sty
Package: kvsetkeys 2019/12/15 v1.18 Key value parser (HO)
)))
(C:\Users\amirabil\AppData\Local\Programs\MiKTeX\tex/latex/tex-gyre\tgheros.sty
Package: tgheros 2009/09/27 v1.2 TeX Gyre Heros as default sans serif family
)
(C:\Users\amirabil\AppData\Local\Programs\MiKTeX\tex/latex/fncychap\fncychap.st
y
Package: fncychap 2007/07/30 v1.34 LaTeX package (Revised chapters)
\RW=\skip52
\mylen=\skip53
\myhi=\skip54
\px=\skip55
\py=\skip56
\pyy=\skip57
\pxx=\skip58
\c@AlphaCnt=\count271
\c@AlphaDecCnt=\count272
) (sphinx.sty
Package: sphinx 2021/01/27 v4.0.0 LaTeX package (Sphinx markup)

(C:\Users\amirabil\AppData\Local\Programs\MiKTeX\tex/latex/xcolor\xcolor.sty
Package: xcolor 2016/05/11 v2.12 LaTeX color extensions (UK)

(C:\Users\amirabil\AppData\Local\Programs\MiKTeX\tex/latex/graphics-cfg\color.c
fg
File: color.cfg 2016/01/02 v1.6 sample color configuration
)
Package xcolor Info: Driver file: pdftex.def on input line 225.

(C:\Users\amirabil\AppData\Local\Programs\MiKTeX\tex/latex/graphics-def\pdftex.
def
File: pdftex.def 2020/10/05 v1.2a Graphics/color driver for pdftex
)
Package xcolor Info: Model `cmy' substituted by `cmy0' on input line 1348.
Package xcolor Info: Model `hsb' substituted by `rgb' on input line 1352.
Package xcolor Info: Model `RGB' extended on input line 1364.
Package xcolor Info: Model `HTML' substituted by `rgb' on input line 1366.
Package xcolor Info: Model `Hsb' substituted by `hsb' on input line 1367.
Package xcolor Info: Model `tHsb' substituted by `hsb' on input line 1368.
Package xcolor Info: Model `HSB' substituted by `hsb' on input line 1369.
Package xcolor Info: Model `Gray' substituted by `gray' on input line 1370.
Package xcolor Info: Model `wave' substituted by `hsb' on input line 1371.
)
\sphinxverbatimsep=\dimen149
\sphinxverbatimborder=\dimen150
\sphinxshadowsep=\dimen151
\sphinxshadowsize=\dimen152
\sphinxshadowrule=\dimen153
\spx@notice@border=\dimen154
 (sphinxoptionshyperref.sty
File: sphinxoptionshyperref.sty 2021/01/27 hyperref
) (sphinxoptionsgeometry.sty
File: sphinxoptionsgeometry.sty 2021/01/27 geometry
)
(C:\Users\amirabil\AppData\Local\Programs\MiKTeX\tex/latex/base\textcomp.sty
Package: textcomp 2020/02/02 v2.0n Standard LaTeX package
)
(C:\Users\amirabil\AppData\Local\Programs\MiKTeX\tex/latex/float\float.sty
Package: float 2001/11/08 v1.3d Float enhancements (AL)
\c@float@type=\count273
\float@exts=\toks24
\float@box=\box52
\@float@everytoks=\toks25
\@floatcapt=\box53
)
(C:\Users\amirabil\AppData\Local\Programs\MiKTeX\tex/latex/wrapfig\wrapfig.sty
\wrapoverhang=\dimen155
\WF@size=\dimen156
\c@WF@wrappedlines=\count274
\WF@box=\box54
\WF@everypar=\toks26
Package: wrapfig 2003/01/31  v 3.6
) (C:\Users\amirabil\AppData\Local\Programs\MiKTeX\tex/latex/capt-of\capt-of.st
y
Package: capt-of 2009/12/29 v0.2 standard captions outside of floats
) (C:\Users\amirabil\AppData\Local\Programs\MiKTeX\tex/latex/tools\multicol.sty
Package: multicol 2019/12/09 v1.8y multicolumn formatting (FMi)
\c@tracingmulticols=\count275
\mult@box=\box55
\multicol@leftmargin=\dimen157
\c@unbalance=\count276
\c@collectmore=\count277
\doublecol@number=\count278
\multicoltolerance=\count279
\multicolpretolerance=\count280
\full@width=\dimen158
\page@free=\dimen159
\premulticols=\dimen160
\postmulticols=\dimen161
\multicolsep=\skip59
\multicolbaselineskip=\skip60
\partial@page=\box56
\last@line=\box57
\maxbalancingoverflow=\dimen162
\mult@rightbox=\box58
\mult@grightbox=\box59
\mult@gfirstbox=\box60
\mult@firstbox=\box61
\@tempa=\box62
\@tempa=\box63
\@tempa=\box64
\@tempa=\box65
\@tempa=\box66
\@tempa=\box67
\@tempa=\box68
\@tempa=\box69
\@tempa=\box70
\@tempa=\box71
\@tempa=\box72
\@tempa=\box73
\@tempa=\box74
\@tempa=\box75
\@tempa=\box76
\@tempa=\box77
\@tempa=\box78
\@tempa=\box79
\@tempa=\box80
\@tempa=\box81
\@tempa=\box82
\@tempa=\box83
\@tempa=\box84
\@tempa=\box85
\@tempa=\box86
\@tempa=\box87
\@tempa=\box88
\@tempa=\box89
\@tempa=\box90
\@tempa=\box91
\@tempa=\box92
\@tempa=\box93
\@tempa=\box94
\@tempa=\box95
\@tempa=\box96
\@tempa=\box97
\@tempa=\box98
\c@minrows=\count281
\c@columnbadness=\count282
\c@finalcolumnbadness=\count283
\last@try=\dimen163
\multicolovershoot=\dimen164
\multicolundershoot=\dimen165
\mult@nat@firstbox=\box99
\colbreak@box=\box100
\mc@col@check@num=\count284
)
(C:\Users\amirabil\AppData\Local\Programs\MiKTeX\tex/latex/graphics\graphicx.st
y
Package: graphicx 2020/12/05 v1.2c Enhanced LaTeX Graphics (DPC,SPQR)

(C:\Users\amirabil\AppData\Local\Programs\MiKTeX\tex/latex/graphics\graphics.st
y
Package: graphics 2021/03/04 v1.4d Standard LaTeX Graphics (DPC,SPQR)
 (C:\Users\amirabil\AppData\Local\Programs\MiKTeX\tex/latex/graphics\trig.sty
Package: trig 2016/01/03 v1.10 sin cos tan (DPC)
)
(C:\Users\amirabil\AppData\Local\Programs\MiKTeX\tex/latex/graphics-cfg\graphic
s.cfg
File: graphics.cfg 2016/06/04 v1.11 sample graphics configuration
)
Package graphics Info: Driver file: pdftex.def on input line 107.
)
\Gin@req@height=\dimen166
\Gin@req@width=\dimen167
) (sphinxlatexgraphics.sty
File: sphinxlatexgraphics.sty 2021/01/27 graphics
\spx@image@maxheight=\dimen168
\spx@image@box=\box101
) (sphinxlatexadmonitions.sty
File: sphinxlatexadmonitions.sty 2021/01/27 admonitions

(C:\Users\amirabil\AppData\Local\Programs\MiKTeX\tex/latex/framed\framed.sty
Package: framed 2011/10/22 v 0.96: framed or shaded text with page breaks
\OuterFrameSep=\skip61
\fb@frw=\dimen169
\fb@frh=\dimen170
\FrameRule=\dimen171
\FrameSep=\dimen172
))
(sphinxlatexliterals.sty
File: sphinxlatexliterals.sty 2021/01/27 code-blocks and parsed literals

(C:\Users\amirabil\AppData\Local\Programs\MiKTeX\tex/latex/fancyvrb\fancyvrb.st
y
Package: fancyvrb 2021/08/12 v3.8 verbatim text (tvz,hv)
\FV@CodeLineNo=\count285
\FV@InFile=\read3
\FV@TabBox=\box102
\c@FancyVerbLine=\count286
\FV@StepNumber=\count287
\FV@OutFile=\write3
) (C:\Users\amirabil\AppData\Local\Programs\MiKTeX\tex/latex/base\alltt.sty
Package: alltt 2021/01/29 v2.0g defines alltt environment
)
(C:\Users\amirabil\AppData\Local\Programs\MiKTeX\tex/latex/upquote\upquote.sty
Package: upquote 2012/04/19 v1.3 upright-quote and grave-accent glyphs in verba
tim
)
(C:\Users\amirabil\AppData\Local\Programs\MiKTeX\tex/latex/needspace\needspace.
sty
Package: needspace 2010/09/12 v1.3d reserve vertical space
)
\sphinxcontinuationbox=\box103
\sphinxvisiblespacebox=\box104
\sphinxVerbatim@TitleBox=\box105
\sphinxVerbatim@ContentsBox=\box106
\spx@scratchbox=\box107
) (sphinxlatexshadowbox.sty
File: sphinxlatexshadowbox.sty 2021/01/27 sphinxShadowBox
) (sphinxlatexcontainers.sty
File: sphinxlatexcontainers.sty 2021/05/03 containers
)
(sphinxhighlight.sty
Package: sphinxhighlight 2016/05/29 stylesheet for highlighting with pygments
) (sphinxlatextables.sty
File: sphinxlatextables.sty 2021/01/27 tables

(C:\Users\amirabil\AppData\Local\Programs\MiKTeX\tex/latex/tabulary\tabulary.st
y
Package: tabulary 2014/06/11 v0.10 tabulary package (DPC)
 (C:\Users\amirabil\AppData\Local\Programs\MiKTeX\tex/latex/tools\array.sty
Package: array 2021/04/20 v2.5e Tabular extension package (FMi)
\col@sep=\dimen173
\ar@mcellbox=\box108
\extrarowheight=\dimen174
\NC@list=\toks27
\extratabsurround=\skip62
\backup@length=\skip63
\ar@cellbox=\box109
)
\TY@count=\count288
\TY@linewidth=\dimen175
\tymin=\dimen176
\tymax=\dimen177
\TY@tablewidth=\dimen178
)
(C:\Users\amirabil\AppData\Local\Programs\MiKTeX\tex/latex/tools\longtable.sty
Package: longtable 2021-05-07 v4.16 Multi-page Table package (DPC)
\LTleft=\skip64
\LTright=\skip65
\LTpre=\skip66
\LTpost=\skip67
\LTchunksize=\count289
\LTcapwidth=\dimen179
\LT@head=\box110
\LT@firsthead=\box111
\LT@foot=\box112
\LT@lastfoot=\box113
\LT@gbox=\box114
\LT@cols=\count290
\LT@rows=\count291
\c@LT@tables=\count292
\c@LT@chunks=\count293
\LT@p@ftn=\toks28
)
(C:\Users\amirabil\AppData\Local\Programs\MiKTeX\tex/latex/varwidth\varwidth.st
y
Package: varwidth 2009/03/30 ver 0.92;  Variable-width minipages
\@vwid@box=\box115
\sift@deathcycles=\count294
\@vwid@loff=\dimen180
\@vwid@roff=\dimen181
)
\sphinx@TY@tablewidth=\dimen182
) (sphinxlatexnumfig.sty
File: sphinxlatexnumfig.sty 2021/01/27 numbering
) (sphinxlatexlists.sty
File: sphinxlatexlists.sty 2021/01/27 lists
)
\c@sphinxscope=\count295
\c@sphinxexplicit=\count296
 (sphinxpackagefootnote.sty
Package: sphinxpackagefootnote 2021/02/04 v1.1d footnotehyper adapted to sphinx
 (Sphinx team)
\FNH@notes=\box116
\FNH@toks=\toks29
\FNH@width=\dimen183
)
(sphinxlatexindbibtoc.sty
File: sphinxlatexindbibtoc.sty 2021/01/27 index, bib., toc

(C:\Users\amirabil\AppData\Local\Programs\MiKTeX\tex/latex/base\makeidx.sty
Package: makeidx 2014/09/29 v1.0m Standard LaTeX package
))
(sphinxlatexstylepage.sty
File: sphinxlatexstylepage.sty 2021/01/27 page styling

(C:\Users\amirabil\AppData\Local\Programs\MiKTeX\tex/latex/parskip\parskip.sty
Rollback for package 'parskip' requested -> version 'v1'.
         This corresponds to the release introduced on 2001-04-09.

(C:\Users\amirabil\AppData\Local\Programs\MiKTeX\tex/latex/parskip\parskip-2001
-04-09.sty
Package: parskip 2001/04/09 non-zero parskip adjustments
))
(C:\Users\amirabil\AppData\Local\Programs\MiKTeX\tex/latex/fancyhdr\fancyhdr.st
y
Package: fancyhdr 2021/01/28 v4.0.1 Extensive control of page headers and foote
rs
\f@nch@headwidth=\skip68
\f@nch@O@elh=\skip69
\f@nch@O@erh=\skip70
\f@nch@O@olh=\skip71
\f@nch@O@orh=\skip72
\f@nch@O@elf=\skip73
\f@nch@O@erf=\skip74
\f@nch@O@olf=\skip75
\f@nch@O@orf=\skip76
)) (sphinxlatexstyleheadings.sty
File: sphinxlatexstyleheadings.sty 2021/01/27 headings

(C:\Users\amirabil\AppData\Local\Programs\MiKTeX\tex/latex/titlesec\titlesec.st
y
Package: titlesec 2021/07/05 v2.14 Sectioning titles
\ttl@box=\box117
\beforetitleunit=\skip77
\aftertitleunit=\skip78
\ttl@plus=\dimen184
\ttl@minus=\dimen185
\ttl@toksa=\toks30
\titlewidth=\dimen186
\titlewidthlast=\dimen187
\titlewidthfirst=\dimen188
)) (sphinxlatexstyletext.sty
File: sphinxlatexstyletext.sty 2021/01/27 text styling
) (sphinxlatexobjects.sty
File: sphinxlatexobjects.sty 2021/01/27 documentation environments
\py@argswidth=\skip79
\lineblockindentation=\skip80
\DUlineblockindent=\skip81
))
(C:\Users\amirabil\AppData\Local\Programs\MiKTeX\tex/latex/geometry\geometry.st
y
Package: geometry 2020/01/02 v5.9 Page Geometry
 (C:\Users\amirabil\AppData\Local\Programs\MiKTeX\tex/generic/iftex\ifvtex.sty
Package: ifvtex 2019/10/25 v1.7 ifvtex legacy package. Use iftex instead.
(C:\Users\amirabil\AppData\Local\Programs\MiKTeX\tex/generic/iftex\iftex.sty
Package: iftex 2020/03/06 v1.0d TeX engine tests
))
\Gm@cnth=\count297
\Gm@cntv=\count298
\c@Gm@tempcnt=\count299
\Gm@bindingoffset=\dimen189
\Gm@wd@mp=\dimen190
\Gm@odd@mp=\dimen191
\Gm@even@mp=\dimen192
\Gm@layoutwidth=\dimen193
\Gm@layoutheight=\dimen194
\Gm@layouthoffset=\dimen195
\Gm@layoutvoffset=\dimen196
\Gm@dimlist=\toks31

(C:\Users\amirabil\AppData\Local\Programs\MiKTeX\tex/latex/geometry\geometry.cf
g))
(C:\Users\amirabil\AppData\Local\Programs\MiKTeX\tex/latex/hyperref\hyperref.st
y
Package: hyperref 2021-06-07 v7.00m Hypertext links for LaTeX

(C:\Users\amirabil\AppData\Local\Programs\MiKTeX\tex/generic/pdftexcmds\pdftexc
mds.sty
Package: pdftexcmds 2020-06-27 v0.33 Utility functions of pdfTeX for LuaTeX (HO
)

(C:\Users\amirabil\AppData\Local\Programs\MiKTeX\tex/generic/infwarerr\infwarer
r.sty
Package: infwarerr 2019/12/03 v1.5 Providing info/warning/error messages (HO)
)
Package pdftexcmds Info: \pdf@primitive is available.
Package pdftexcmds Info: \pdf@ifprimitive is available.
Package pdftexcmds Info: \pdfdraftmode found.
)
(C:\Users\amirabil\AppData\Local\Programs\MiKTeX\tex/generic/kvdefinekeys\kvdef
inekeys.sty
Package: kvdefinekeys 2019-12-19 v1.6 Define keys (HO)
)
(C:\Users\amirabil\AppData\Local\Programs\MiKTeX\tex/generic/pdfescape\pdfescap
e.sty
Package: pdfescape 2019/12/09 v1.15 Implements pdfTeX's escape features (HO)
)
(C:\Users\amirabil\AppData\Local\Programs\MiKTeX\tex/latex/hycolor\hycolor.sty
Package: hycolor 2020-01-27 v1.10 Color options for hyperref/bookmark (HO)
)
(C:\Users\amirabil\AppData\Local\Programs\MiKTeX\tex/latex/letltxmacro\letltxma
cro.sty
Package: letltxmacro 2019/12/03 v1.6 Let assignment for LaTeX macros (HO)
)
(C:\Users\amirabil\AppData\Local\Programs\MiKTeX\tex/latex/auxhook\auxhook.sty
Package: auxhook 2019-12-17 v1.6 Hooks for auxiliary files (HO)
)
\@linkdim=\dimen197
\Hy@linkcounter=\count300
\Hy@pagecounter=\count301
(C:\Users\amirabil\AppData\Local\Programs\MiKTeX\tex/latex/hyperref\pd1enc.def
File: pd1enc.def 2021-06-07 v7.00m Hyperref: PDFDocEncoding definition (HO)
Now handling font encoding PD1 ...
... no UTF-8 mapping file for font encoding PD1
)
(C:\Users\amirabil\AppData\Local\Programs\MiKTeX\tex/latex/hyperref\hyperref-la
ngpatches.def
File: hyperref-langpatches.def 2021-06-07 v7.00m Hyperref: patches for babel la
nguages
)
(C:\Users\amirabil\AppData\Local\Programs\MiKTeX\tex/generic/intcalc\intcalc.st
y
Package: intcalc 2019/12/15 v1.3 Expandable calculations with integers (HO)
)
(C:\Users\amirabil\AppData\Local\Programs\MiKTeX\tex/generic/etexcmds\etexcmds.
sty
Package: etexcmds 2019/12/15 v1.7 Avoid name clashes with e-TeX commands (HO)
)
\Hy@SavedSpaceFactor=\count302

(C:\Users\amirabil\AppData\Local\Programs\MiKTeX\tex/latex/hyperref\puenc.def
File: puenc.def 2021-06-07 v7.00m Hyperref: PDF Unicode definition (HO)
Now handling font encoding PU ...
... no UTF-8 mapping file for font encoding PU
)
Package hyperref Info: Option `unicode' set `true' on input line 4073.
Package hyperref Info: Option `colorlinks' set `true' on input line 4073.
Package hyperref Info: Option `breaklinks' set `true' on input line 4073.
Package hyperref Info: Hyper figures OFF on input line 4192.
Package hyperref Info: Link nesting OFF on input line 4197.
Package hyperref Info: Hyper index ON on input line 4200.
Package hyperref Info: Plain pages OFF on input line 4207.
Package hyperref Info: Backreferencing OFF on input line 4212.
Package hyperref Info: Implicit mode ON; LaTeX internals redefined.
Package hyperref Info: Bookmarks ON on input line 4445.
\c@Hy@tempcnt=\count303

(C:\Users\amirabil\AppData\Local\Programs\MiKTeX\tex/latex/url\url.sty
\Urlmuskip=\muskip17
Package: url 2013/09/16  ver 3.4  Verb mode for urls, etc.
)
LaTeX Info: Redefining \url on input line 4804.
\XeTeXLinkMargin=\dimen198

(C:\Users\amirabil\AppData\Local\Programs\MiKTeX\tex/generic/bitset\bitset.sty
Package: bitset 2019/12/09 v1.3 Handle bit-vector datatype (HO)

(C:\Users\amirabil\AppData\Local\Programs\MiKTeX\tex/generic/bigintcalc\bigintc
alc.sty
Package: bigintcalc 2019/12/15 v1.5 Expandable calculations on big integers (HO
)
))
\Fld@menulength=\count304
\Field@Width=\dimen199
\Fld@charsize=\dimen256
Package hyperref Info: Hyper figures OFF on input line 6076.
Package hyperref Info: Link nesting OFF on input line 6081.
Package hyperref Info: Hyper index ON on input line 6084.
Package hyperref Info: backreferencing OFF on input line 6091.
Package hyperref Info: Link coloring ON on input line 6094.
Package hyperref Info: Link coloring with OCG OFF on input line 6101.
Package hyperref Info: PDF/A mode OFF on input line 6106.
LaTeX Info: Redefining \ref on input line 6146.
LaTeX Info: Redefining \pageref on input line 6150.

(C:\Users\amirabil\AppData\Local\Programs\MiKTeX\tex/latex/base\atbegshi-ltx.st
y
Package: atbegshi-ltx 2021/01/10 v1.0c Emulation of the original atbegshi
package with kernel methods
)
\Hy@abspage=\count305
\c@Item=\count306
\c@Hfootnote=\count307
)
Package hyperref Info: Driver (autodetected): hpdftex.

(C:\Users\amirabil\AppData\Local\Programs\MiKTeX\tex/latex/hyperref\hpdftex.def
File: hpdftex.def 2021-06-07 v7.00m Hyperref driver for pdfTeX

(C:\Users\amirabil\AppData\Local\Programs\MiKTeX\tex/latex/base\atveryend-ltx.s
ty
Package: atveryend-ltx 2020/08/19 v1.0a Emulation of the original atvery packag
e
with kernel methods
)
\Fld@listcount=\count308
\c@bookmark@seq@number=\count309

(C:\Users\amirabil\AppData\Local\Programs\MiKTeX\tex/latex/rerunfilecheck\rerun
filecheck.sty
Package: rerunfilecheck 2019/12/05 v1.9 Rerun checks for auxiliary files (HO)

(C:\Users\amirabil\AppData\Local\Programs\MiKTeX\tex/generic/uniquecounter\uniq
uecounter.sty
Package: uniquecounter 2019/12/15 v1.4 Provide unlimited unique counter (HO)
)
Package uniquecounter Info: New unique counter `rerunfilecheck' on input line 2
86.
)
\Hy@SectionHShift=\skip82
)
(C:\Users\amirabil\AppData\Local\Programs\MiKTeX\tex/latex/oberdiek\hypcap.sty
Package: hypcap 2016/05/16 v1.12 Adjusting the anchors of captions (HO)
) (sphinxmessages.sty
Package: sphinxmessages 2019/01/04 v2.0 Localized LaTeX macros (Sphinx team)
)
\@indexfile=\write4
\openout4 = `vrtist.idx'.


Writing index file vrtist.idx
LaTeX Font Info:    Trying to load font information for T1+qtm on input line 69
.
(C:\Users\amirabil\AppData\Local\Programs\MiKTeX\tex/latex/tex-gyre\t1qtm.fd
File: t1qtm.fd 2009/09/25 v1.2 font definition file for T1/qtm
)
(C:\Users\amirabil\AppData\Local\Programs\MiKTeX\tex/latex/l3backend\l3backend-
pdftex.def
File: l3backend-pdftex.def 2021-08-04 L3 backend support: PDF output (pdfTeX)
\l__color_backend_stack_int=\count310
\l__pdf_internal_box=\box118
) (vrtist.aux)
\openout1 = `vrtist.aux'.

LaTeX Font Info:    Checking defaults for OML/cmm/m/it on input line 69.
LaTeX Font Info:    ... okay on input line 69.
LaTeX Font Info:    Checking defaults for OMS/cmsy/m/n on input line 69.
LaTeX Font Info:    ... okay on input line 69.
LaTeX Font Info:    Checking defaults for OT1/cmr/m/n on input line 69.
LaTeX Font Info:    ... okay on input line 69.
LaTeX Font Info:    Checking defaults for T1/cmr/m/n on input line 69.
LaTeX Font Info:    ... okay on input line 69.
LaTeX Font Info:    Checking defaults for TS1/cmr/m/n on input line 69.
LaTeX Font Info:    ... okay on input line 69.
LaTeX Font Info:    Checking defaults for OMX/cmex/m/n on input line 69.
LaTeX Font Info:    ... okay on input line 69.
LaTeX Font Info:    Checking defaults for U/cmr/m/n on input line 69.
LaTeX Font Info:    ... okay on input line 69.
LaTeX Font Info:    Checking defaults for PD1/pdf/m/n on input line 69.
LaTeX Font Info:    ... okay on input line 69.
LaTeX Font Info:    Checking defaults for PU/pdf/m/n on input line 69.
LaTeX Font Info:    ... okay on input line 69.

(C:\Users\amirabil\AppData\Local\Programs\MiKTeX\tex/context/base/mkii\supp-pdf
.mkii
[Loading MPS to PDF converter (version 2006.09.02).]
\scratchcounter=\count311
\scratchdimen=\dimen257
\scratchbox=\box119
\nofMPsegments=\count312
\nofMParguments=\count313
\everyMPshowfont=\toks32
\MPscratchCnt=\count314
\MPscratchDim=\dimen258
\MPnumerator=\count315
\makeMPintoPDFobject=\count316
\everyMPtoPDFconversion=\toks33
)
(C:\Users\amirabil\AppData\Local\Programs\MiKTeX\tex/latex/epstopdf-pkg\epstopd
f-base.sty
Package: epstopdf-base 2020-01-24 v2.11 Base part for package epstopdf
Package epstopdf-base Info: Redefining graphics rule for `.eps' on input line 4
85.

(C:\Users\amirabil\AppData\Local\Programs\MiKTeX\tex/latex/00miktex\epstopdf-sy
s.cfg
File: epstopdf-sys.cfg 2021/03/18 v2.0 Configuration of epstopdf for MiKTeX
))
\c@literalblock=\count317

*geometry* driver: auto-detecting
*geometry* detected driver: pdftex
*geometry* verbose mode - [ preamble ] result:
* driver: pdftex
* paper: letterpaper
* layout: <same size as paper>
* layoutoffset:(h,v)=(0.0pt,0.0pt)
* modes: 
* h-part:(L,W,R)=(72.26999pt, 469.75502pt, 72.26999pt)
* v-part:(T,H,B)=(72.26999pt, 650.43001pt, 72.26999pt)
* \paperwidth=614.295pt
* \paperheight=794.96999pt
* \textwidth=469.75502pt
* \textheight=650.43001pt
* \oddsidemargin=0.0pt
* \evensidemargin=0.0pt
* \topmargin=-37.0pt
* \headheight=12.0pt
* \headsep=25.0pt
* \topskip=10.0pt
* \footskip=30.0pt
* \marginparwidth=36.135pt
* \marginparsep=11.0pt
* \columnsep=10.0pt
* \skip\footins=9.0pt plus 4.0pt minus 2.0pt
* \hoffset=0.0pt
* \voffset=0.0pt
* \mag=1000
* \@twocolumnfalse
* \@twosidefalse
* \@mparswitchfalse
* \@reversemarginfalse
* (1in=72.27pt=25.4mm, 1cm=28.453pt)

Package hyperref Info: Link coloring ON on input line 69.

(C:\Users\amirabil\AppData\Local\Programs\MiKTeX\tex/latex/hyperref\nameref.sty
Package: nameref 2021-04-02 v2.47 Cross-referencing by name of section

(C:\Users\amirabil\AppData\Local\Programs\MiKTeX\tex/latex/refcount\refcount.st
y
Package: refcount 2019/12/15 v3.6 Data extraction from label references (HO)
)
(C:\Users\amirabil\AppData\Local\Programs\MiKTeX\tex/generic/gettitlestring\get
titlestring.sty
Package: gettitlestring 2019/12/15 v1.6 Cleanup title references (HO)
)
\c@section@level=\count318
)
LaTeX Info: Redefining \ref on input line 69.
LaTeX Info: Redefining \pageref on input line 69.
LaTeX Info: Redefining \nameref on input line 69.
 (vrtist.out) (vrtist.out)
\@outlinefile=\write5
\openout5 = `vrtist.out'.

Package hyperref Info: Option `pageanchor' set `false' on input line 72.
LaTeX Font Info:    Trying to load font information for T1+qhv on input line 72
.

(C:\Users\amirabil\AppData\Local\Programs\MiKTeX\tex/latex/tex-gyre\t1qhv.fd
File: t1qhv.fd 2009/09/25 v1.2 font definition file for T1/qhv
)<<ot1.cmap>><<oml.cmap>><<oms.cmap>><<omx.cmap>>
LaTeX Font Info:    Trying to load font information for U+msa on input line 72.


(C:\Users\amirabil\AppData\Local\Programs\MiKTeX\tex/latex/amsfonts\umsa.fd
File: umsa.fd 2013/01/14 v3.01 AMS symbols A
)
LaTeX Font Info:    Trying to load font information for U+msb on input line 72.


(C:\Users\amirabil\AppData\Local\Programs\MiKTeX\tex/latex/amsfonts\umsb.fd
File: umsb.fd 2013/01/14 v3.01 AMS symbols B
)
[1

{C:/Users/amirabil/AppData/Local/MiKTeX/pdftex/config/pdftex.map}]
(vrtist.toc)
\tf@toc=\write6
\openout6 = `vrtist.toc'.

 [1



]
Chapter 1.
LaTeX Font Info:    Trying to load font information for TS1+qtm on input line 9
5.
(C:\Users\amirabil\AppData\Local\Programs\MiKTeX\tex/latex/tex-gyre\ts1qtm.fd
File: ts1qtm.fd 2009/09/25 v1.2 font definition file for TS1/qtm
)
[1


]
Chapter 2.
[2

] [3]
Chapter 3.
<Lobby.png, id=305, 259.7203pt x 168.63pt>
LaTeX Font Info:    Trying to load font information for T1+txtt on input line 3
10.
(C:\Users\amirabil\AppData\Local\Programs\MiKTeX\tex/latex/txfonts\t1txtt.fd
File: t1txtt.fd 2000/12/15 v3.1
)
File: Lobby.png Graphic file (type png)
<use Lobby.png>
Package pdftex.def Info: Lobby.png  used on input line 310.
(pdftex.def)             Requested size: 225.84229pt x 146.63228pt.

[4

 <./Lobby.png>]
<paletteMovement.png, id=310, 495.35063pt x 591.71063pt>
File: paletteMovement.png Graphic file (type png)
<use paletteMovement.png>
Package pdftex.def Info: paletteMovement.png  used on input line 328.
(pdftex.def)             Requested size: 225.84229pt x 269.77048pt.
 [5 <./paletteMovement.png>]
<paletteMovement1.png, id=316, 256.70906pt x 64.74188pt>
File: paletteMovement1.png Graphic file (type png)
<use paletteMovement1.png>
Package pdftex.def Info: paletteMovement1.png  used on input line 351.
(pdftex.def)             Requested size: 225.84229pt x 56.9582pt.
<paletteMovement2.png, id=317, 298.11375pt x 122.70844pt>
File: paletteMovement2.png Graphic file (type png)
<use paletteMovement2.png>
Package pdftex.def Info: paletteMovement2.png  used on input line 367.
(pdftex.def)             Requested size: 225.84229pt x 92.9598pt.
<paletteMovement3.png, id=318, 482.55281pt x 302.63063pt>
File: paletteMovement3.png Graphic file (type png)
<use paletteMovement3.png>
Package pdftex.def Info: paletteMovement3.png  used on input line 382.
(pdftex.def)             Requested size: 225.84229pt x 141.6361pt.
 [6 <./paletteMovement1.png> <./paletteMovement2.png>]
<paletteMovement4.png, id=323, 493.845pt x 302.63063pt>
File: paletteMovement4.png Graphic file (type png)
<use paletteMovement4.png>
Package pdftex.def Info: paletteMovement4.png  used on input line 396.
(pdftex.def)             Requested size: 225.84229pt x 138.39442pt.
 [7 <./paletteMovement3.png> <./paletteMovement4.png>]
<paletteMovement5.png, id=330, 506.6428pt x 175.40532pt>
File: paletteMovement5.png Graphic file (type png)
<use paletteMovement5.png>
Package pdftex.def Info: paletteMovement5.png  used on input line 412.
(pdftex.def)             Requested size: 225.84229pt x 78.18759pt.
<PaletteSettings.png, id=331, 493.845pt x 590.95781pt>
File: PaletteSettings.png Graphic file (type png)
<use PaletteSettings.png>
Package pdftex.def Info: PaletteSettings.png  used on input line 430.
(pdftex.def)             Requested size: 225.84229pt x 270.24783pt.

[8 <./paletteMovement5.png> <./PaletteSettings.png>]
<PaletteSettings1.png, id=337, 487.8225pt x 317.68687pt>
File: PaletteSettings1.png Graphic file (type png)
<use PaletteSettings1.png>
Package pdftex.def Info: PaletteSettings1.png  used on input line 442.
(pdftex.def)             Requested size: 225.84229pt x 147.07814pt.
<PaletteSettings2.png, id=338, 498.36188pt x 240.14719pt>
File: PaletteSettings2.png Graphic file (type png)
<use PaletteSettings2.png>
Package pdftex.def Info: PaletteSettings2.png  used on input line 453.
(pdftex.def)             Requested size: 225.84229pt x 108.82741pt.
<PaletteSettings3.png, id=339, 496.10344pt x 323.70938pt>
File: PaletteSettings3.png Graphic file (type png)
<use PaletteSettings3.png>
Package pdftex.def Info: PaletteSettings3.png  used on input line 463.
(pdftex.def)             Requested size: 225.84229pt x 147.36209pt.
 [9 <./PaletteSettings1.png> <./PaletteSettings2.png>]
<PaletteSettings4.png, id=346, 496.85625pt x 310.15875pt>
File: PaletteSettings4.png Graphic file (type png)
<use PaletteSettings4.png>
Package pdftex.def Info: PaletteSettings4.png  used on input line 473.
(pdftex.def)             Requested size: 225.84229pt x 140.98047pt.
 [10 <./PaletteSettings3.png> <./PaletteSettings4.png>]
Chapter 4.
<home.png, id=353, 192.72pt x 192.72pt>
File: home.png Graphic file (type png)
<use home.png>
Package pdftex.def Info: home.png  used on input line 492.
(pdftex.def)             Requested size: 17.31458pt x 17.31464pt.
<save.png, id=354, 256.96pt x 256.96pt>
File: save.png Graphic file (type png)
<use save.png>
Package pdftex.def Info: save.png  used on input line 494.
(pdftex.def)             Requested size: 17.31458pt x 17.31071pt.
<player_play.png, id=355, 513.92pt x 513.92pt>
File: player_play.png Graphic file (type png)
<use player_play.png>
Package pdftex.def Info: player_play.png  used on input line 496.
(pdftex.def)             Requested size: 17.31458pt x 17.3068pt.
<show.png, id=356, 192.72pt x 192.72pt>
File: show.png Graphic file (type png)
<use show.png>
Package pdftex.def Info: show.png  used on input line 498.
(pdftex.def)             Requested size: 17.31458pt x 17.31464pt.
<axis.png, id=357, 256.96pt x 256.96pt>
File: axis.png Graphic file (type png)
<use axis.png>
Package pdftex.def Info: axis.png  used on input line 500.
(pdftex.def)             Requested size: 17.31458pt x 17.31071pt.
<pin.png, id=358, 385.44pt x 385.44pt>
File: pin.png Graphic file (type png)
<use pin.png>
Package pdftex.def Info: pin.png  used on input line 504.
(pdftex.def)             Requested size: 17.31458pt x 17.31464pt.
<paletteSelection.png, id=359, 499.11469pt x 599.23875pt>
File: paletteSelection.png Graphic file (type png)
<use paletteSelection.png>
Package pdftex.def Info: paletteSelection.png  used on input line 511.
(pdftex.def)             Requested size: 225.84229pt x 271.14536pt.
[11

 <./home.png> <./save.png> <./player_play.png> <./show.png> <./axis.png> <./pin
.png>]
<select.png, id=371, 385.44pt x 385.44pt>
File: select.png Graphic file (type png)
<use select.png>
Package pdftex.def Info: select.png  used on input line 525.
(pdftex.def)             Requested size: 17.31458pt x 17.31464pt.
<eraser.png, id=372, 385.44pt x 385.44pt>
File: eraser.png Graphic file (type png)
<use eraser.png>
Package pdftex.def Info: eraser.png  used on input line 526.
(pdftex.def)             Requested size: 17.31458pt x 17.31464pt.
 [12 <./paletteSelection.png> <./select.png> <./eraser.png>]
<paletteSelection1.png, id=379, 196.48407pt x 280.04625pt>
File: paletteSelection1.png Graphic file (type png)
<use paletteSelection1.png>
Package pdftex.def Info: paletteSelection1.png  used on input line 535.
(pdftex.def)             Requested size: 225.84229pt x 321.91393pt.
<reset.png, id=380, 192.72pt x 192.72pt>
File: reset.png Graphic file (type png)
<use reset.png>
Package pdftex.def Info: reset.png  used on input line 541.
(pdftex.def)             Requested size: 17.31458pt x 17.31464pt.
<locked.png, id=381, 192.72pt x 192.72pt>
File: locked.png Graphic file (type png)
<use locked.png>
Package pdftex.def Info: locked.png  used on input line 542.
(pdftex.def)             Requested size: 17.31458pt x 17.31464pt.
<dof.png, id=382, 513.92pt x 513.92pt>
File: dof.png Graphic file (type png)
<use dof.png>
Package pdftex.def Info: dof.png  used on input line 546.
(pdftex.def)             Requested size: 17.31458pt x 17.3068pt.
<trash.png, id=383, 513.92pt x 513.92pt>
File: trash.png Graphic file (type png)
<use trash.png>
Package pdftex.def Info: trash.png  used on input line 548.
(pdftex.def)             Requested size: 17.31458pt x 17.3068pt.
 [13 <./paletteSelection1.png> <./reset.png> <./locked.png> <./dof.png> <./tras
h.png>]
<PalettePainting.png, id=392, 490.08093pt x 606.76688pt>
File: PalettePainting.png Graphic file (type png)
<use PalettePainting.png>
Package pdftex.def Info: PalettePainting.png  used on input line 554.
(pdftex.def)             Requested size: 225.84229pt x 279.60684pt.
<ColorPicker.png, id=393, 194.22563pt x 274.77657pt>
File: ColorPicker.png Graphic file (type png)
<use ColorPicker.png>
Package pdftex.def Info: ColorPicker.png  used on input line 562.
(pdftex.def)             Requested size: 225.84229pt x 319.51248pt.

[14 <./PalettePainting.png>]
<PalettePainting0.png, id=398, 490.08093pt x 101.62968pt>
File: PalettePainting0.png Graphic file (type png)
<use PalettePainting0.png>
Package pdftex.def Info: PalettePainting0.png  used on input line 572.
(pdftex.def)             Requested size: 225.84229pt x 46.8324pt.
<PalettePainting1.png, id=399, 504.38437pt x 65.49469pt>
File: PalettePainting1.png Graphic file (type png)
<use PalettePainting1.png>
Package pdftex.def Info: PalettePainting1.png  used on input line 580.
(pdftex.def)             Requested size: 225.84229pt x 29.32541pt.
 [15 <./ColorPicker.png> <./PalettePainting0.png> <./PalettePainting1.png>]
<PalettePainting2.png, id=406, 496.85625pt x 73.02281pt>
File: PalettePainting2.png Graphic file (type png)
<use PalettePainting2.png>
Package pdftex.def Info: PalettePainting2.png  used on input line 588.
(pdftex.def)             Requested size: 225.84229pt x 33.19199pt.
<PalettePainting3.png, id=407, 495.35063pt x 194.97844pt>
File: PalettePainting3.png Graphic file (type png)
<use PalettePainting3.png>
Package pdftex.def Info: PalettePainting3.png  used on input line 596.
(pdftex.def)             Requested size: 225.84229pt x 88.89383pt.
<PaletteLighting.png, id=408, 484.81125pt x 596.2275pt>
File: PaletteLighting.png Graphic file (type png)
<use PaletteLighting.png>
Package pdftex.def Info: PaletteLighting.png  used on input line 601.
(pdftex.def)             Requested size: 225.84229pt x 277.74329pt.
 [16 <./PalettePainting2.png> <./PalettePainting3.png> <./PaletteLighting.png>]
<PaletteLighting1.png, id=415, 198.7425pt x 274.77657pt>
File: PaletteLighting1.png Graphic file (type png)
<use PaletteLighting1.png>
Package pdftex.def Info: PaletteLighting1.png  used on input line 624.
(pdftex.def)             Requested size: 225.84229pt x 312.25484pt.
<PaletteLighting2.png, id=416, 197.23688pt x 188.95593pt>
File: PaletteLighting2.png Graphic file (type png)
<use PaletteLighting2.png>
Package pdftex.def Info: PaletteLighting2.png  used on input line 632.
(pdftex.def)             Requested size: 225.84229pt x 216.36057pt.
 [17 <./PaletteLighting1.png>]
<paletteCamera0.png, id=422, 237.13594pt x 334.24875pt>
File: paletteCamera0.png Graphic file (type png)
<use paletteCamera0.png>
Package pdftex.def Info: paletteCamera0.png  used on input line 637.
(pdftex.def)             Requested size: 225.84229pt x 318.34033pt.
 [18 <./PaletteLighting2.png> <./paletteCamera0.png>]
<CameraFocus.png, id=427, 233.37187pt x 223.58531pt>
File: CameraFocus.png Graphic file (type png)
<use CameraFocus.png>
Package pdftex.def Info: CameraFocus.png  used on input line 656.
(pdftex.def)             Requested size: 225.84229pt x 216.37938pt.
<CameraView.png, id=428, 237.88875pt x 196.48407pt>
File: CameraView.png Graphic file (type png)
<use CameraView.png>
Package pdftex.def Info: CameraView.png  used on input line 664.
(pdftex.def)             Requested size: 225.84229pt x 186.54187pt.
 [19 <./CameraFocus.png>]
<snapshot.png, id=433, 192.72pt x 192.72pt>
File: snapshot.png Graphic file (type png)
<use snapshot.png>
Package pdftex.def Info: snapshot.png  used on input line 668.
(pdftex.def)             Requested size: 17.31458pt x 17.31464pt.
<record_video.png, id=434, 192.72pt x 192.72pt>
File: record_video.png Graphic file (type png)
<use record_video.png>
Package pdftex.def Info: record_video.png  used on input line 668.
(pdftex.def)             Requested size: 17.31458pt x 17.31464pt.
<PaletteMaterial.png, id=435, 486.31688pt x 597.73312pt>
File: PaletteMaterial.png Graphic file (type png)
<use PaletteMaterial.png>
Package pdftex.def Info: PaletteMaterial.png  used on input line 677.
(pdftex.def)             Requested size: 225.84229pt x 277.5782pt.
 [20 <./CameraView.png> <./snapshot.png> <./record_video.png> <./PaletteMateria
l.png>]
<PaletteAssetBank.png, id=442, 493.845pt x 594.72188pt>
File: PaletteAssetBank.png Graphic file (type png)
<use PaletteAssetBank.png>
Package pdftex.def Info: PaletteAssetBank.png  used on input line 691.
(pdftex.def)             Requested size: 225.84229pt x 271.96916pt.
 [21 <./PaletteAssetBank.png>]
<paletteSkybox.png, id=447, 487.8225pt x 588.69937pt>
File: paletteSkybox.png Graphic file (type png)
<use paletteSkybox.png>
Package pdftex.def Info: paletteSkybox.png  used on input line 709.
(pdftex.def)             Requested size: 225.84229pt x 272.54765pt.
<paletteSkybox1.png, id=448, 232.61906pt x 324.46219pt>
File: paletteSkybox1.png Graphic file (type png)
<use paletteSkybox1.png>
Package pdftex.def Info: paletteSkybox1.png  used on input line 719.
(pdftex.def)             Requested size: 225.84229pt x 315.02003pt.
 [22 <./paletteSkybox.png>]
<duplicate.png, id=453, 513.92pt x 513.92pt>
File: duplicate.png Graphic file (type png)
<use duplicate.png>
Package pdftex.def Info: duplicate.png  used on input line 724.
(pdftex.def)             Requested size: 17.31458pt x 17.3068pt.
File: trash.png Graphic file (type png)
<use trash.png>
Package pdftex.def Info: trash.png  used on input line 724.
(pdftex.def)             Requested size: 17.31458pt x 17.3068pt.
<palettePhysics.png, id=454, 486.31688pt x 586.44093pt>
File: palettePhysics.png Graphic file (type png)
<use palettePhysics.png>
Package pdftex.def Info: palettePhysics.png  used on input line 730.
(pdftex.def)             Requested size: 225.84229pt x 272.33427pt.
 [23 <./paletteSkybox1.png> <./duplicate.png>] [24 <./palettePhysics.png>]
Chapter 5.
<Dopesheet.png, id=465, 237.13594pt x 82.05656pt>
File: Dopesheet.png Graphic file (type png)
<use Dopesheet.png>
Package pdftex.def Info: Dopesheet.png  used on input line 752.
(pdftex.def)             Requested size: 225.84229pt x 78.15111pt.
<ConstantInterpolation.png, id=466, 96.36pt x 96.36pt>
File: ConstantInterpolation.png Graphic file (type png)
<use ConstantInterpolation.png>
Package pdftex.def Info: ConstantInterpolation.png  used on input line 761.
(pdftex.def)             Requested size: 17.31458pt x 17.31464pt.
<LinearInterpolation.png, id=467, 96.36pt x 96.36pt>
File: LinearInterpolation.png Graphic file (type png)
<use LinearInterpolation.png>
Package pdftex.def Info: LinearInterpolation.png  used on input line 761.
(pdftex.def)             Requested size: 17.31458pt x 17.31464pt.
<BezierInterpolation.png, id=468, 96.36pt x 96.36pt>
File: BezierInterpolation.png Graphic file (type png)
<use BezierInterpolation.png>
Package pdftex.def Info: BezierInterpolation.png  used on input line 761.
(pdftex.def)             Requested size: 17.31458pt x 17.31464pt.
<player_gotostart.png, id=469, 513.92pt x 513.92pt>
File: player_gotostart.png Graphic file (type png)
<use player_gotostart.png>
Package pdftex.def Info: player_gotostart.png  used on input line 763.
(pdftex.def)             Requested size: 17.31458pt x 17.3068pt.
<player_prev_keyframe.png, id=470, 513.92pt x 513.92pt>
File: player_prev_keyframe.png Graphic file (type png)
<use player_prev_keyframe.png>
Package pdftex.def Info: player_prev_keyframe.png  used on input line 764.
(pdftex.def)             Requested size: 17.31458pt x 17.3068pt.
<player_prev.png, id=471, 513.92pt x 513.92pt>
File: player_prev.png Graphic file (type png)
<use player_prev.png>
Package pdftex.def Info: player_prev.png  used on input line 765.
(pdftex.def)             Requested size: 17.31458pt x 17.3068pt.
File: player_play.png Graphic file (type png)
<use player_play.png>
Package pdftex.def Info: player_play.png  used on input line 766.
(pdftex.def)             Requested size: 17.31458pt x 17.3068pt.
<player_next.png, id=472, 513.92pt x 513.92pt>
File: player_next.png Graphic file (type png)
<use player_next.png>
Package pdftex.def Info: player_next.png  used on input line 767.
(pdftex.def)             Requested size: 17.31458pt x 17.3068pt.
<player_next_keyframe.png, id=473, 513.92pt x 513.92pt>
File: player_next_keyframe.png Graphic file (type png)
<use player_next_keyframe.png>
Package pdftex.def Info: player_next_keyframe.png  used on input line 768.
(pdftex.def)             Requested size: 17.31458pt x 17.3068pt.
<player_gotoend.png, id=474, 513.92pt x 513.92pt>
File: player_gotoend.png Graphic file (type png)
<use player_gotoend.png>
Package pdftex.def Info: player_gotoend.png  used on input line 769.
(pdftex.def)             Requested size: 17.31458pt x 17.3068pt.
[25

 <./Dopesheet.png> <./ConstantInterpolation.png> <./LinearInterpolation.png> <.
/BezierInterpolation.png> <./player_gotostart.png> <./player_prev_keyframe.png>
 <./player_prev.png> <./player_next.png> <./player_next_keyframe.png>]
<player_record.png, id=487, 513.92pt x 513.92pt>
File: player_record.png Graphic file (type png)
<use player_record.png>
Package pdftex.def Info: player_record.png  used on input line 770.
(pdftex.def)             Requested size: 17.31458pt x 17.3068pt.
<player_stop.png, id=488, 513.92pt x 513.92pt>
File: player_stop.png Graphic file (type png)
<use player_stop.png>
Package pdftex.def Info: player_stop.png  used on input line 771.
(pdftex.def)             Requested size: 17.31458pt x 17.3068pt.
File: trash.png Graphic file (type png)
<use trash.png>
Package pdftex.def Info: trash.png  used on input line 775.
(pdftex.def)             Requested size: 17.31458pt x 17.3068pt.
<add_keyframe.png, id=489, 513.92pt x 513.92pt>
File: add_keyframe.png Graphic file (type png)
<use add_keyframe.png>
Package pdftex.def Info: add_keyframe.png  used on input line 776.
(pdftex.def)             Requested size: 17.31458pt x 17.3068pt.
<auto_keyframe.png, id=490, 513.92pt x 513.92pt>
File: auto_keyframe.png Graphic file (type png)
<use auto_keyframe.png>
Package pdftex.def Info: auto_keyframe.png  used on input line 777.
(pdftex.def)             Requested size: 17.31458pt x 17.3068pt.
<remove_keyframe.png, id=491, 513.92pt x 513.92pt>
File: remove_keyframe.png Graphic file (type png)
<use remove_keyframe.png>
Package pdftex.def Info: remove_keyframe.png  used on input line 778.
(pdftex.def)             Requested size: 17.31458pt x 17.3068pt.
<TimelineSlider.png, id=492, 320.69812pt x 79.04532pt>
File: TimelineSlider.png Graphic file (type png)
<use TimelineSlider.png>
Package pdftex.def Info: TimelineSlider.png  used on input line 784.
(pdftex.def)             Requested size: 225.84229pt x 55.66663pt.
<ShotManager.png, id=493, 259.7203pt x 217.5628pt>
File: ShotManager.png Graphic file (type png)
<use ShotManager.png>
Package pdftex.def Info: ShotManager.png  used on input line 798.
(pdftex.def)             Requested size: 225.84229pt x 189.18184pt.

[26 <./player_gotoend.png> <./player_record.png> <./player_stop.png> <./add_key
frame.png> <./auto_keyframe.png> <./remove_keyframe.png> <./TimelineSlider.png>
]
<add.png, id=504, 513.92pt x 513.92pt>
File: add.png Graphic file (type png)
<use add.png>
Package pdftex.def Info: add.png  used on input line 808.
(pdftex.def)             Requested size: 17.31458pt x 17.3068pt.
File: duplicate.png Graphic file (type png)
<use duplicate.png>
Package pdftex.def Info: duplicate.png  used on input line 812.
(pdftex.def)             Requested size: 17.31458pt x 17.3068pt.
<remove.png, id=505, 513.92pt x 513.92pt>
File: remove.png Graphic file (type png)
<use remove.png>
Package pdftex.def Info: remove.png  used on input line 814.
(pdftex.def)             Requested size: 17.31458pt x 17.3068pt.
File: record_video.png Graphic file (type png)
<use record_video.png>
Package pdftex.def Info: record_video.png  used on input line 818.
(pdftex.def)             Requested size: 17.31458pt x 17.31464pt.
 [27 <./ShotManager.png> <./add.png> <./remove.png>]
Chapter 6.
<Diagrame.png, id=512, 1005.7575pt x 542.025pt>
File: Diagrame.png Graphic file (type png)
<use Diagrame.png>
Package pdftex.def Info: Diagrame.png  used on input line 840.
(pdftex.def)             Requested size: 469.7442pt x 253.15555pt.
[28

 <./Diagrame.png>]
<UIButtonEvents.png, id=518, 277.78781pt x 127.97812pt>
File: UIButtonEvents.png Graphic file (type png)
<use UIButtonEvents.png>
Package pdftex.def Info: UIButtonEvents.png  used on input line 867.
(pdftex.def)             Requested size: 225.84229pt x 104.04836pt.
 [29 <./UIButtonEvents.png>]
LaTeX Font Info:    Font shape `T1/txtt/b/n' in size <10> not available
(Font)              Font shape `T1/txtt/bx/n' tried instead on input line 909.
 [30] [31]
LaTeX Font Info:    Font shape `T1/txtt/m/it' in size <10> not available
(Font)              Font shape `T1/txtt/m/sl' tried instead on input line 1000.

 (vrtist.ind)
[32] (vrtist.aux)
Package rerunfilecheck Info: File `vrtist.out' has not changed.
(rerunfilecheck)             Checksum: 5F2094F48BA3D8D4CE3899B76E34FE0E;6945.
 ) 
Here is how much of TeX's memory you used:
 14593 strings out of 478927
 226266 string characters out of 2851113
 573064 words of memory out of 3000000
 31917 multiletter control sequences out of 15000+600000
 454741 words of font info for 68 fonts, out of 8000000 for 9000
 1142 hyphenation exceptions out of 8191
 72i,11n,80p,385b,451s stack positions out of 5000i,500n,10000p,200000b,80000s
{C:/Users/amirabil/AppData/Local/Programs/MiKTeX/fonts/enc/dvips/tex-gyre/q-t
s1.enc}{C:/Users/amirabil/AppData/Local/Programs/MiKTeX/fonts/enc/dvips/tex-gyr
e/q-ec.enc}<C:/Users/amirabil/AppData/Local/Programs/MiKTeX/fonts/type1/public/
amsfonts/cm/cmmi5.pfb><C:/Users/amirabil/AppData/Local/Programs/MiKTeX/fonts/ty
pe1/public/amsfonts/cm/cmsy5.pfb><C:/Users/amirabil/AppData/Local/Programs/MiKT
eX/fonts/type1/public/tex-gyre/qhvb.pfb><C:/Users/amirabil/AppData/Local/Progra
ms/MiKTeX/fonts/type1/public/tex-gyre/qhvbi.pfb><C:/Users/amirabil/AppData/Loca
l/Programs/MiKTeX/fonts/type1/public/tex-gyre/qtmb.pfb><C:/Users/amirabil/AppDa
ta/Local/Programs/MiKTeX/fonts/type1/public/tex-gyre/qtmr.pfb><C:/Users/amirabi
l/AppData/Local/Programs/MiKTeX/fonts/type1/public/txfonts/t1xbtt.pfb><C:/Users
/amirabil/AppData/Local/Programs/MiKTeX/fonts/type1/public/txfonts/t1xtt.pfb><C
:/Users/amirabil/AppData/Local/Programs/MiKTeX/fonts/type1/public/txfonts/t1xtt
.pfb>
Output written on vrtist.pdf (34 pages, 1524994 bytes).
PDF statistics:
 596 PDF objects out of 1000 (max. 8388607)
 95 named destinations out of 1000 (max. 500000)
 828 words of extra memory for PDF output out of 10000 (max. 10000000)

