\BOOKMARK [0][-]{chapter.1}{\376\377\000I\000n\000t\000r\000o\000d\000u\000c\000t\000i\000o\000n}{}% 1
\BOOKMARK [1][-]{section.1.1}{\376\377\000D\000i\000s\000c\000l\000a\000i\000m\000e\000r}{chapter.1}% 2
\BOOKMARK [1][-]{section.1.2}{\376\377\000M\000a\000i\000n\000\040\000F\000e\000a\000t\000u\000r\000e\000s}{chapter.1}% 3
\BOOKMARK [1][-]{section.1.3}{\376\377\000S\000u\000p\000p\000o\000r\000t\000e\000d\000\040\000V\000R\000\040\000D\000e\000v\000i\000c\000e\000s}{chapter.1}% 4
\BOOKMARK [1][-]{section.1.4}{\376\377\000L\000i\000c\000e\000n\000s\000e\000\040\000a\000n\000d\000\040\000c\000o\000p\000y\000r\000i\000g\000h\000t}{chapter.1}% 5
\BOOKMARK [0][-]{chapter.2}{\376\377\000G\000e\000t\000t\000i\000n\000g\000\040\000S\000t\000a\000r\000t\000e\000d}{}% 6
\BOOKMARK [1][-]{section.2.1}{\376\377\000G\000e\000t\000t\000i\000n\000g\000\040\000S\000t\000a\000r\000t\000e\000d}{chapter.2}% 7
\BOOKMARK [2][-]{subsection.2.1.1}{\376\377\000D\000o\000w\000n\000l\000o\000a\000d\000\040\000p\000r\000o\000j\000e\000c\000t}{section.2.1}% 8
\BOOKMARK [2][-]{subsection.2.1.2}{\376\377\000I\000n\000s\000t\000a\000l\000l\000\040\000\046\000\040\000L\000a\000u\000n\000c\000h}{section.2.1}% 9
\BOOKMARK [2][-]{subsection.2.1.3}{\376\377\000H\000o\000w\000\040\000t\000o\000\040\000b\000u\000i\000l\000d}{section.2.1}% 10
\BOOKMARK [3][-]{subsubsection*.3}{\376\377\000D\000e\000p\000e\000n\000d\000e\000n\000c\000i\000e\000s}{subsection.2.1.3}% 11
\BOOKMARK [3][-]{subsubsection*.4}{\376\377\000S\000e\000t\000t\000i\000n\000g\000s\000\040\000\046\000\040\000L\000o\000g\000s}{subsection.2.1.3}% 12
\BOOKMARK [2][-]{subsection.2.1.4}{\376\377\000A\000s\000s\000e\000t\000\040\000B\000a\000n\000k}{section.2.1}% 13
\BOOKMARK [1][-]{section.2.2}{\376\377\000L\000i\000v\000e\000\040\000L\000i\000n\000k\000\040\000w\000i\000t\000h\000\040\000B\000l\000e\000n\000d\000e\000r}{chapter.2}% 14
\BOOKMARK [2][-]{subsection.2.2.1}{\376\377\000I\000n\000s\000t\000a\000l\000l\000\040\000B\000l\000e\000n\000d\000e\000r}{section.2.2}% 15
\BOOKMARK [2][-]{subsection.2.2.2}{\376\377\000I\000n\000s\000t\000a\000l\000l\000\040\000M\000i\000x\000e\000r}{section.2.2}% 16
\BOOKMARK [2][-]{subsection.2.2.3}{\376\377\000H\000o\000w\000\040\000t\000o\000\040\000L\000a\000u\000n\000c\000h\000\040\000t\000h\000e\000\040\000L\000i\000v\000e\000\040\000L\000i\000n\000k}{section.2.2}% 17
\BOOKMARK [0][-]{chapter.3}{\376\377\000B\000a\000s\000i\000c\000s}{}% 18
\BOOKMARK [1][-]{section.3.1}{\376\377\000B\000a\000s\000i\000c\000s}{chapter.3}% 19
\BOOKMARK [2][-]{subsection.3.1.1}{\376\377\000C\000o\000n\000t\000r\000o\000l\000l\000e\000r\000s}{section.3.1}% 20
\BOOKMARK [2][-]{subsection.3.1.2}{\376\377\000L\000o\000b\000b\000y}{section.3.1}% 21
\BOOKMARK [2][-]{subsection.3.1.3}{\376\377\000P\000a\000n\000e\000l\000s}{section.3.1}% 22
\BOOKMARK [1][-]{section.3.2}{\376\377\000M\000o\000v\000e\000m\000e\000n\000t\000s}{chapter.3}% 23
\BOOKMARK [2][-]{subsection.3.2.1}{\376\377\000D\000e\000f\000a\000u\000l\000t}{section.3.2}% 24
\BOOKMARK [2][-]{subsection.3.2.2}{\376\377\000T\000e\000l\000e\000p\000o\000r\000t}{section.3.2}% 25
\BOOKMARK [2][-]{subsection.3.2.3}{\376\377\000O\000r\000b\000i\000t}{section.3.2}% 26
\BOOKMARK [2][-]{subsection.3.2.4}{\376\377\000F\000P\000S}{section.3.2}% 27
\BOOKMARK [2][-]{subsection.3.2.5}{\376\377\000D\000r\000o\000n\000e}{section.3.2}% 28
\BOOKMARK [2][-]{subsection.3.2.6}{\376\377\000F\000r\000e\000e\000\040\000f\000l\000y}{section.3.2}% 29
\BOOKMARK [1][-]{section.3.3}{\376\377\000S\000e\000t\000t\000i\000n\000g\000s}{chapter.3}% 30
\BOOKMARK [2][-]{subsection.3.3.1}{\376\377\000S\000a\000v\000e\000\040\000a\000n\000d\000\040\000l\000o\000a\000d}{section.3.3}% 31
\BOOKMARK [2][-]{subsection.3.3.2}{\376\377\000D\000i\000s\000p\000l\000a\000y\000\040\000o\000p\000t\000i\000o\000n\000s}{section.3.3}% 32
\BOOKMARK [2][-]{subsection.3.3.3}{\376\377\000S\000o\000u\000n\000d\000\040\000o\000p\000t\000i\000o\000n\000s}{section.3.3}% 33
\BOOKMARK [2][-]{subsection.3.3.4}{\376\377\000A\000d\000v\000a\000n\000c\000e\000d\000\040\000o\000p\000t\000i\000o\000n\000s}{section.3.3}% 34
\BOOKMARK [2][-]{subsection.3.3.5}{\376\377\000V\000i\000d\000e\000o\000\040\000O\000u\000t\000p\000u\000t\000\040\000o\000p\000t\000i\000o\000n\000s}{section.3.3}% 35
\BOOKMARK [0][-]{chapter.4}{\376\377\000T\000o\000o\000l\000s}{}% 36
\BOOKMARK [1][-]{section.4.1}{\376\377\000P\000a\000l\000e\000t\000t\000e}{chapter.4}% 37
\BOOKMARK [1][-]{section.4.2}{\376\377\000S\000e\000l\000e\000c\000t\000i\000o\000n}{chapter.4}% 38
\BOOKMARK [2][-]{subsection.4.2.1}{\376\377\000S\000e\000l\000e\000c\000t\000\040\000p\000a\000n\000e\000l}{section.4.2}% 39
\BOOKMARK [2][-]{subsection.4.2.2}{\376\377\000T\000r\000a\000n\000s\000f\000o\000r\000m\000\040\000p\000a\000n\000e\000l}{section.4.2}% 40
\BOOKMARK [1][-]{section.4.3}{\376\377\000P\000a\000i\000n\000t\000i\000n\000g}{chapter.4}% 41
\BOOKMARK [1][-]{section.4.4}{\376\377\000L\000i\000g\000h\000t\000i\000n\000g}{chapter.4}% 42
\BOOKMARK [1][-]{section.4.5}{\376\377\000C\000a\000m\000e\000r\000a}{chapter.4}% 43
\BOOKMARK [1][-]{section.4.6}{\376\377\000M\000a\000t\000e\000r\000i\000a\000l}{chapter.4}% 44
\BOOKMARK [1][-]{section.4.7}{\376\377\000A\000s\000s\000e\000t\000B\000a\000n\000k}{chapter.4}% 45
\BOOKMARK [1][-]{section.4.8}{\376\377\000S\000k\000y\000b\000o\000x}{chapter.4}% 46
\BOOKMARK [1][-]{section.4.9}{\376\377\000G\000u\000n}{chapter.4}% 47
\BOOKMARK [0][-]{chapter.5}{\376\377\000A\000d\000v\000a\000n\000c\000e\000d\000\040\000F\000e\000a\000t\000u\000r\000e\000s}{}% 48
\BOOKMARK [1][-]{section.5.1}{\376\377\000A\000n\000i\000m\000a\000t\000i\000o\000n\000\040\000E\000n\000g\000i\000n\000e}{chapter.5}% 49
\BOOKMARK [1][-]{section.5.2}{\376\377\000C\000a\000m\000e\000r\000a\000\040\000M\000o\000n\000t\000a\000g\000e\000\040\000\046\000\040\000E\000d\000i\000t\000i\000n\000g}{chapter.5}% 50
\BOOKMARK [0][-]{chapter.6}{\376\377\000S\000c\000r\000i\000p\000t\000\040\000R\000e\000f\000e\000r\000e\000n\000c\000e\000s}{}% 51
\BOOKMARK [1][-]{section.6.1}{\376\377\000S\000c\000r\000i\000p\000t\000\040\000R\000e\000f\000e\000r\000e\000n\000c\000e\000s}{chapter.6}% 52
\BOOKMARK [2][-]{subsection.6.1.1}{\376\377\000O\000v\000e\000r\000v\000i\000e\000w}{section.6.1}% 53
\BOOKMARK [2][-]{subsection.6.1.2}{\376\377\000T\000o\000o\000l\000s}{section.6.1}% 54
\BOOKMARK [2][-]{subsection.6.1.3}{\376\377\000A\000n\000i\000m\000a\000t\000i\000o\000n\000\040\000e\000n\000g\000i\000n\000e}{section.6.1}% 55
\BOOKMARK [2][-]{subsection.6.1.4}{\376\377\000C\000o\000m\000m\000a\000n\000d\000s}{section.6.1}% 56
\BOOKMARK [2][-]{subsection.6.1.5}{\376\377\000I\000m\000p\000o\000r\000t\000s}{section.6.1}% 57
\BOOKMARK [2][-]{subsection.6.1.6}{\376\377\000M\000o\000v\000a\000b\000l\000e\000\040\000o\000b\000j\000e\000c\000t\000s}{section.6.1}% 58
\BOOKMARK [2][-]{subsection.6.1.7}{\376\377\000I\000n\000p\000u\000t\000s}{section.6.1}% 59
